<?xml version="1.0" encoding="UTF-8"?>
<testng-results total="3" passed="3" failed="0" skipped="0">
  <reporter-output>
  </reporter-output>
  <suite started-at="2022-09-27T12:41:49Z" name="Default suite" finished-at="2022-09-27T12:42:05Z" duration-ms="15924">
    <groups>
    </groups>
    <test started-at="2022-09-27T12:41:49Z" name="Default test" finished-at="2022-09-27T12:42:05Z" duration-ms="15924">
      <class name="testPackage.ErrorLogin_test_with_excelDriven_dataProvider">
        <test-method is-config="true" signature="launchApplication()[pri:0, instance:testPackage.ErrorLogin_test_with_excelDriven_dataProvider@3f91b517]" started-at="2022-09-27T20:41:50Z" name="launchApplication" finished-at="2022-09-27T20:41:56Z" duration-ms="5998" status="PASS">
          <reporter-output>
          </reporter-output>
        </test-method> <!-- launchApplication -->
        <test-method signature="incorrectPassword(java.lang.String, java.lang.String, java.lang.String)[pri:0, instance:testPackage.ErrorLogin_test_with_excelDriven_dataProvider@3f91b517]" started-at="2022-09-27T20:41:56Z" name="incorrectPassword" data-provider="user_login_creds" finished-at="2022-09-27T20:41:56Z" duration-ms="670" status="PASS">
          <params>
            <param index="0">
              <value>
                <![CDATA[renz@example.com]]>
              </value>
            </param>
            <param index="1">
              <value>
                <![CDATA[Renz@071526]]>
              </value>
            </param>
            <param index="2">
              <value>
                <![CDATA[10]]>
              </value>
            </param>
          </params>
          <reporter-output>
          </reporter-output>
        </test-method> <!-- incorrectPassword -->
        <test-method is-config="true" signature="closeBrowser()[pri:0, instance:testPackage.ErrorLogin_test_with_excelDriven_dataProvider@3f91b517]" started-at="2022-09-27T20:41:56Z" name="closeBrowser" finished-at="2022-09-27T20:41:57Z" duration-ms="113" status="PASS">
          <reporter-output>
          </reporter-output>
        </test-method> <!-- closeBrowser -->
        <test-method is-config="true" signature="launchApplication()[pri:0, instance:testPackage.ErrorLogin_test_with_excelDriven_dataProvider@3f91b517]" started-at="2022-09-27T20:41:57Z" name="launchApplication" finished-at="2022-09-27T20:42:00Z" duration-ms="3399" status="PASS">
          <reporter-output>
          </reporter-output>
        </test-method> <!-- launchApplication -->
        <test-method signature="incorrectPassword(java.lang.String, java.lang.String, java.lang.String)[pri:0, instance:testPackage.ErrorLogin_test_with_excelDriven_dataProvider@3f91b517]" started-at="2022-09-27T20:42:00Z" name="incorrectPassword" data-provider="user_login_creds" finished-at="2022-09-27T20:42:00Z" duration-ms="499" status="PASS">
          <params>
            <param index="0">
              <value>
                <![CDATA[INCORRECT@example.com]]>
              </value>
            </param>
            <param index="1">
              <value>
                <![CDATA[Renz@0715]]>
              </value>
            </param>
            <param index="2">
              <value>
                <![CDATA[20]]>
              </value>
            </param>
          </params>
          <reporter-output>
          </reporter-output>
        </test-method> <!-- incorrectPassword -->
        <test-method is-config="true" signature="closeBrowser()[pri:0, instance:testPackage.ErrorLogin_test_with_excelDriven_dataProvider@3f91b517]" started-at="2022-09-27T20:42:00Z" name="closeBrowser" finished-at="2022-09-27T20:42:01Z" duration-ms="96" status="PASS">
          <reporter-output>
          </reporter-output>
        </test-method> <!-- closeBrowser -->
        <test-method is-config="true" signature="launchApplication()[pri:0, instance:testPackage.ErrorLogin_test_with_excelDriven_dataProvider@3f91b517]" started-at="2022-09-27T20:42:01Z" name="launchApplication" finished-at="2022-09-27T20:42:04Z" duration-ms="3618" status="PASS">
          <reporter-output>
          </reporter-output>
        </test-method> <!-- launchApplication -->
        <test-method signature="incorrectPassword(java.lang.String, java.lang.String, java.lang.String)[pri:0, instance:testPackage.ErrorLogin_test_with_excelDriven_dataProvider@3f91b517]" started-at="2022-09-27T20:42:04Z" name="incorrectPassword" data-provider="user_login_creds" finished-at="2022-09-27T20:42:05Z" duration-ms="483" status="PASS">
          <params>
            <param index="0">
              <value>
                <![CDATA[INCORRECT@example.com]]>
              </value>
            </param>
            <param index="1">
              <value>
                <![CDATA[Renz@071526]]>
              </value>
            </param>
            <param index="2">
              <value>
                <![CDATA[30]]>
              </value>
            </param>
          </params>
          <reporter-output>
          </reporter-output>
        </test-method> <!-- incorrectPassword -->
        <test-method is-config="true" signature="closeBrowser()[pri:0, instance:testPackage.ErrorLogin_test_with_excelDriven_dataProvider@3f91b517]" started-at="2022-09-27T20:42:05Z" name="closeBrowser" finished-at="2022-09-27T20:42:05Z" duration-ms="115" status="PASS">
          <reporter-output>
          </reporter-output>
        </test-method> <!-- closeBrowser -->
      </class> <!-- testPackage.ErrorLogin_test_with_excelDriven_dataProvider -->
    </test> <!-- Default test -->
  </suite> <!-- Default suite -->
</testng-results>
