<?xml version="1.0" encoding="UTF-8"?>
<testng-results ignored="0" total="2" passed="2" failed="0" skipped="0">
  <reporter-output>
  </reporter-output>
  <suite started-at="2022-08-26T00:21:05 PST" name="Suite" finished-at="2022-08-26T00:21:05 PST" duration-ms="55">
    <groups>
    </groups>
    <test started-at="2022-08-26T00:21:05 PST" name="Test" finished-at="2022-08-26T00:21:05 PST" duration-ms="55">
      <class name="Mvn_project.Selenium_Test">
        <test-method signature="userLogin()[pri:0, instance:Mvn_project.Selenium_Test@3bf9ce3e]" started-at="2022-08-26T00:21:05 PST" name="userLogin" finished-at="2022-08-26T00:21:05 PST" duration-ms="8" status="PASS">
          <reporter-output>
          </reporter-output>
        </test-method> <!-- userLogin -->
        <test-method signature="userSignin()[pri:0, instance:Mvn_project.Selenium_Test@3bf9ce3e]" started-at="2022-08-26T00:21:05 PST" name="userSignin" finished-at="2022-08-26T00:21:05 PST" duration-ms="1" status="PASS">
          <reporter-output>
          </reporter-output>
        </test-method> <!-- userSignin -->
      </class> <!-- Mvn_project.Selenium_Test -->
    </test> <!-- Test -->
  </suite> <!-- Suite -->
</testng-results>
