<?xml version="1.0" encoding="UTF-8"?>
<testng-results ignored="0" total="2" passed="2" failed="0" skipped="0">
  <reporter-output>
  </reporter-output>
  <suite started-at="2022-08-28T12:29:22 PST" name="Default suite" finished-at="2022-08-28T12:29:43 PST" duration-ms="21054">
    <groups>
    </groups>
    <test started-at="2022-08-28T12:29:22 PST" name="Default test" finished-at="2022-08-28T12:29:43 PST" duration-ms="21054">
      <class name="test_cases.MercuryTours_WebLogin_Test">
        <test-method signature="mercuryTours_login()[pri:0, instance:test_cases.MercuryTours_WebLogin_Test@3e84448c]" started-at="2022-08-28T12:29:22 PST" name="mercuryTours_login" finished-at="2022-08-28T12:29:33 PST" duration-ms="10698" status="PASS">
          <reporter-output>
          </reporter-output>
        </test-method> <!-- mercuryTours_login -->
        <test-method signature="mercuryTours_register()[pri:0, instance:test_cases.MercuryTours_WebLogin_Test@3e84448c]" started-at="2022-08-28T12:29:33 PST" name="mercuryTours_register" finished-at="2022-08-28T12:29:43 PST" duration-ms="10305" status="PASS">
          <reporter-output>
          </reporter-output>
        </test-method> <!-- mercuryTours_register -->
      </class> <!-- test_cases.MercuryTours_WebLogin_Test -->
    </test> <!-- Default test -->
  </suite> <!-- Default suite -->
</testng-results>
