<?xml version="1.0" encoding="UTF-8"?>
<testng-results ignored="0" total="1" passed="1" failed="0" skipped="0">
  <reporter-output>
  </reporter-output>
  <suite started-at="2022-08-26T00:20:10 PST" name="Default suite" finished-at="2022-08-26T00:20:21 PST" duration-ms="11514">
    <groups>
    </groups>
    <test started-at="2022-08-26T00:20:10 PST" name="Default test" finished-at="2022-08-26T00:20:21 PST" duration-ms="11514">
      <class name="Extent_Reporting">
        <test-method is-config="true" signature="extentReport_config()[pri:0, instance:Extent_Reporting@5884a914]" started-at="2022-08-26T00:20:10 PST" name="extentReport_config" finished-at="2022-08-26T00:20:10 PST" duration-ms="210" status="PASS">
          <reporter-output>
          </reporter-output>
        </test-method> <!-- extentReport_config -->
        <test-method signature="invokingBrowser()[pri:0, instance:Extent_Reporting@5884a914]" started-at="2022-08-26T00:20:10 PST" name="invokingBrowser" finished-at="2022-08-26T00:20:21 PST" duration-ms="11256" status="PASS">
          <reporter-output>
          </reporter-output>
        </test-method> <!-- invokingBrowser -->
      </class> <!-- Extent_Reporting -->
    </test> <!-- Default test -->
  </suite> <!-- Default suite -->
</testng-results>
