<?xml version="1.0" encoding="UTF-8"?>
<!-- Generated by org.testng.reporters.JUnitXMLReporter -->
<testsuite hostname="LAPTOP-OK1OD856" failures="1" tests="2" name="Test" time="27.47" errors="0" timestamp="6 Sep 2022 04:54:21 GMT">
  <testcase classname="tests.ChromeBrowser_Test" name="googleTest" time="26.831"/>
  <testcase classname="tests.NativeApp_Test" name="calculatorTest" time="0.002">
    <failure type="java.lang.NullPointerException" message="Cannot invoke &amp;quot;org.openqa.selenium.remote.DesiredCapabilities.setCapability(String, String)&amp;quot; because &amp;quot;this.cap&amp;quot; is null">
      <![CDATA[java.lang.NullPointerException: Cannot invoke "org.openqa.selenium.remote.DesiredCapabilities.setCapability(String, String)" because "this.cap" is null
	at tests.BaseClass.native_app_Test(BaseClass.java:43)
	at tests.NativeApp_Test.calculatorTest(NativeApp_Test.java:17)
... Removed 24 stack frames]]>
    </failure>
  </testcase> <!-- calculatorTest -->
</testsuite> <!-- Test -->
