<?xml version="1.0" encoding="UTF-8"?>
<!-- Generated by org.testng.reporters.JUnitXMLReporter -->
<testsuite ignored="0" hostname="LAPTOP-OK1OD856" failures="0" tests="2" name="Default test" time="21.054" errors="0" timestamp="2022-08-28T12:29:43 PST">
  <testcase classname="test_cases.MercuryTours_WebLogin_Test" name="mercuryTours_login" time="10.698"/>
  <testcase classname="test_cases.MercuryTours_WebLogin_Test" name="mercuryTours_register" time="10.305"/>
</testsuite> <!-- Default test -->
