<?xml version="1.0" encoding="UTF-8"?>
<!-- Generated by org.testng.reporters.JUnitXMLReporter -->
<testsuite hostname="LAPTOP-OK1OD856" failures="0" tests="3" name="Default test" time="15.924" errors="0" timestamp="27 Sep 2022 12:42:05 GMT">
  <testcase classname="testPackage.ErrorLogin_test_with_excelDriven_dataProvider" name="incorrectPassword" time="0.67"/>
  <testcase classname="testPackage.ErrorLogin_test_with_excelDriven_dataProvider" name="incorrectPassword" time="0.499"/>
  <testcase classname="testPackage.ErrorLogin_test_with_excelDriven_dataProvider" name="incorrectPassword" time="0.483"/>
</testsuite> <!-- Default test -->
