<?xml version="1.0" encoding="UTF-8"?>
<!-- Generated by org.testng.reporters.JUnitXMLReporter -->
<testsuite hostname="LAPTOP-OK1OD856" failures="1" tests="3" name="Invalid login testing" time="32.543" errors="0" timestamp="5 Sep 2022 11:34:16 GMT">
  <testcase classname="testPackage.ErrorLogin_test" name="incorrectEmail" time="0.815">
    <failure type="java.lang.AssertionError" message="expected [Incorrect email or password.] but found [Incorrect email or password.XXXX]">
      <![CDATA[java.lang.AssertionError: expected [Incorrect email or password.] but found [Incorrect email or password.XXXX]
	at testPackage.ErrorLogin_test.incorrectEmail(ErrorLogin_test.java:49)
	at java.base/java.util.concurrent.FutureTask.run(FutureTask.java:264)
	at java.base/java.util.concurrent.ThreadPoolExecutor.runWorker(ThreadPoolExecutor.java:1136)
	at java.base/java.util.concurrent.ThreadPoolExecutor$Worker.run(ThreadPoolExecutor.java:635)
	at java.base/java.lang.Thread.run(Thread.java:833)
... Removed 21 stack frames]]>
    </failure>
  </testcase> <!-- incorrectEmail -->
  <testcase classname="testPackage.ErrorLogin_test" name="incorrectEmailAndPassword" time="0.823"/>
  <testcase classname="testPackage.ErrorLogin_test" name="incorrectPassword" time="0.761"/>
</testsuite> <!-- Invalid login testing -->
