<?xml version="1.0" encoding="UTF-8"?>
<!-- Generated by org.testng.reporters.JUnitXMLReporter -->
<testsuite hostname="LAPTOP-OK1OD856" failures="0" tests="3" name="test for TC with data provider" time="18.648" errors="0" timestamp="3 Sep 2022 12:10:27 GMT">
  <testcase classname="testPackage.ErrorLogin_test_with_dataProvider" name="incorrectPassword" time="0.659"/>
  <testcase classname="testPackage.ErrorLogin_test_with_dataProvider" name="incorrectPassword" time="0.521"/>
  <testcase classname="testPackage.ErrorLogin_test_with_dataProvider" name="incorrectPassword" time="0.558"/>
</testsuite> <!-- test for TC with data provider -->
