<?xml version="1.0" encoding="UTF-8"?>
<!-- Generated by org.testng.reporters.JUnitXMLReporter -->
<testsuite hostname="LAPTOP-OK1OD856" failures="0" tests="3" name="Default test" time="18.059" errors="0" timestamp="27 Sep 2022 12:32:13 GMT">
  <testcase classname="testComponents.ExcelData_driven" name="login" time="8.409"/>
  <testcase classname="testComponents.ExcelData_driven" name="login" time="3.808"/>
  <testcase classname="testComponents.ExcelData_driven" name="login" time="4.956"/>
</testsuite> <!-- Default test -->
